# JRE version: OpenJDK Runtime Environment (11.0.10) (build 11.0.10+0-b96-7249189)
# Java VM: OpenJDK 64-Bit Server VM (11.0.10+0-b96-7249189, mixed mode, tiered, compressed oops, g1 gc, windows-amd64)
Heap:
 garbage-first heap   total 724992K, used 194276K [0x0000000080000000, 0x0000000100000000)
  region size 1024K, 3 young (3072K), 3 survivors (3072K)
 Metaspace       used 131060K, capacity 135564K, committed 135772K, reserved 1167360K
  class space    used 16611K, capacity 18265K, committed 18380K, reserved 1048576K
GC Heap History (20 events):
Event: 1821.840 GC heap after
{Heap after GC invocations=109 (full 0):
 garbage-first heap   total 205824K, used 164864K [0x0000000080000000, 0x0000000100000000)
  region size 1024K, 3 young (3072K), 3 survivors (3072K)
 Metaspace       used 130853K, capacity 135350K, committed 135388K, reserved 1167360K
  class space    used 16602K, capacity 18223K, committed 18252K, reserved 1048576K
}
Event: 1821.873 GC heap before
{Heap before GC invocations=109 (full 0):
 garbage-first heap   total 205824K, used 174080K [0x0000000080000000, 0x0000000100000000)
  region size 1024K, 12 young (12288K), 3 survivors (3072K)
 Metaspace       used 130860K, capacity 135351K, committed 135388K, reserved 1167360K
  class space    used 16602K, capacity 18223K, committed 18252K, reserved 1048576K
}
Event: 1821.883 GC heap after
{Heap after GC invocations=110 (full 0):
 garbage-first heap   total 205824K, used 170195K [0x0000000080000000, 0x0000000100000000)
  region size 1024K, 2 young (2048K), 2 survivors (2048K)
 Metaspace       used 130860K, capacity 135351K, committed 135388K, reserved 1167360K
  class space    used 16602K, capacity 18223K, committed 18252K, reserved 1048576K
}
Event: 1821.916 GC heap before
{Heap before GC invocations=110 (full 0):
 garbage-first heap   total 205824K, used 178387K [0x0000000080000000, 0x0000000100000000)
  region size 1024K, 10 young (10240K), 2 survivors (2048K)
 Metaspace       used 130861K, capacity 135351K, committed 135388K, reserved 1167360K
  class space    used 16602K, capacity 18223K, committed 18252K, reserved 1048576K
}
Event: 1821.925 GC heap after
{Heap after GC invocations=111 (full 0):
 garbage-first heap   total 205824K, used 174895K [0x0000000080000000, 0x0000000100000000)
  region size 1024K, 2 young (2048K), 2 survivors (2048K)
 Metaspace       used 130861K, capacity 135351K, committed 135388K, reserved 1167360K
  class space    used 16602K, capacity 18223K, committed 18252K, reserved 1048576K
}
Event: 1821.955 GC heap before
{Heap before GC invocations=111 (full 0):
 garbage-first heap   total 205824K, used 182063K [0x0000000080000000, 0x0000000100000000)
  region size 1024K, 10 young (10240K), 2 survivors (2048K)
 Metaspace       used 130863K, capacity 135351K, committed 135388K, reserved 1167360K
  class space    used 16602K, capacity 18223K, committed 18252K, reserved 1048576K
}
Event: 1821.963 GC heap after
{Heap after GC invocations=112 (full 0):
 garbage-first heap   total 205824K, used 179434K [0x0000000080000000, 0x0000000100000000)
  region size 1024K, 2 young (2048K), 2 survivors (2048K)
 Metaspace       used 130863K, capacity 135351K, committed 135388K, reserved 1167360K
  class space    used 16602K, capacity 18223K, committed 18252K, reserved 1048576K
}
Event: 1822.038 GC heap before
{Heap before GC invocations=112 (full 0):
 garbage-first heap   total 205824K, used 186602K [0x0000000080000000, 0x0000000100000000)
  region size 1024K, 10 young (10240K), 2 survivors (2048K)
 Metaspace       used 130863K, capacity 135351K, committed 135388K, reserved 1167360K
  class space    used 16602K, capacity 18223K, committed 18252K, reserved 1048576K
}
Event: 1822.046 GC heap after
{Heap after GC invocations=113 (full 0):
 garbage-first heap   total 205824K, used 183944K [0x0000000080000000, 0x0000000100000000)
  region size 1024K, 2 young (2048K), 2 survivors (2048K)
 Metaspace       used 130863K, capacity 135351K, committed 135388K, reserved 1167360K
  class space    used 16602K, capacity 18223K, committed 18252K, reserved 1048576K
}
Event: 1822.132 GC heap before
{Heap before GC invocations=113 (full 0):
 garbage-first heap   total 205824K, used 192136K [0x0000000080000000, 0x0000000100000000)
  region size 1024K, 10 young (10240K), 2 survivors (2048K)
 Metaspace       used 130915K, capacity 135395K, committed 135772K, reserved 1167360K
  class space    used 16606K, capacity 18258K, committed 18380K, reserved 1048576K
}
Event: 1822.142 GC heap after
{Heap after GC invocations=114 (full 0):
 garbage-first heap   total 205824K, used 186368K [0x0000000080000000, 0x0000000100000000)
  region size 1024K, 2 young (2048K), 2 survivors (2048K)
 Metaspace       used 130915K, capacity 135395K, committed 135772K, reserved 1167360K
  class space    used 16606K, capacity 18258K, committed 18380K, reserved 1048576K
}
Event: 1822.187 GC heap before
{Heap before GC invocations=114 (full 0):
 garbage-first heap   total 205824K, used 193536K [0x0000000080000000, 0x0000000100000000)
  region size 1024K, 10 young (10240K), 2 survivors (2048K)
 Metaspace       used 130927K, capacity 135398K, committed 135772K, reserved 1167360K
  class space    used 16606K, capacity 18258K, committed 18380K, reserved 1048576K
}
Event: 1822.197 GC heap after
{Heap after GC invocations=115 (full 0):
 garbage-first heap   total 312320K, used 187693K [0x0000000080000000, 0x0000000100000000)
  region size 1024K, 2 young (2048K), 2 survivors (2048K)
 Metaspace       used 130927K, capacity 135398K, committed 135772K, reserved 1167360K
  class space    used 16606K, capacity 18258K, committed 18380K, reserved 1048576K
}
Event: 1822.513 GC heap before
{Heap before GC invocations=116 (full 0):
 garbage-first heap   total 312320K, used 234797K [0x0000000080000000, 0x0000000100000000)
  region size 1024K, 50 young (51200K), 2 survivors (2048K)
 Metaspace       used 131036K, capacity 135502K, committed 135772K, reserved 1167360K
  class space    used 16613K, capacity 18268K, committed 18380K, reserved 1048576K
}
Event: 1822.525 GC heap after
{Heap after GC invocations=117 (full 0):
 garbage-first heap   total 312320K, used 192073K [0x0000000080000000, 0x0000000100000000)
  region size 1024K, 6 young (6144K), 6 survivors (6144K)
 Metaspace       used 131036K, capacity 135502K, committed 135772K, reserved 1167360K
  class space    used 16613K, capacity 18268K, committed 18380K, reserved 1048576K
}
Event: 1823.386 GC heap before
{Heap before GC invocations=118 (full 0):
 garbage-first heap   total 312320K, used 247369K [0x0000000080000000, 0x0000000100000000)
  region size 1024K, 58 young (59392K), 6 survivors (6144K)
 Metaspace       used 131048K, capacity 135550K, committed 135772K, reserved 1167360K
  class space    used 16608K, capacity 18260K, committed 18380K, reserved 1048576K
}
Event: 1823.446 GC heap after
{Heap after GC invocations=119 (full 0):
 garbage-first heap   total 312320K, used 199067K [0x0000000080000000, 0x0000000100000000)
  region size 1024K, 6 young (6144K), 6 survivors (6144K)
 Metaspace       used 131048K, capacity 135550K, committed 135772K, reserved 1167360K
  class space    used 16608K, capacity 18260K, committed 18380K, reserved 1048576K
}
Event: 1823.512 GC heap before
{Heap before GC invocations=119 (full 0):
 garbage-first heap   total 312320K, used 207259K [0x0000000080000000, 0x0000000100000000)
  region size 1024K, 15 young (15360K), 6 survivors (6144K)
 Metaspace       used 131060K, capacity 135564K, committed 135772K, reserved 1167360K
  class space    used 16611K, capacity 18265K, committed 18380K, reserved 1048576K
}
Event: 1823.567 GC heap after
{Heap after GC invocations=120 (full 0):
 garbage-first heap   total 312320K, used 193563K [0x0000000080000000, 0x0000000100000000)
  region size 1024K, 2 young (2048K), 2 survivors (2048K)
 Metaspace       used 131060K, capacity 135564K, committed 135772K, reserved 1167360K
  class space    used 16611K, capacity 18265K, committed 18380K, reserved 1048576K
}
Event: 1823.591 GC heap before
{Heap before GC invocations=120 (full 0):
 garbage-first heap   total 312320K, used 194587K [0x0000000080000000, 0x0000000100000000)
  region size 1024K, 5 young (5120K), 2 survivors (2048K)
 Metaspace       used 131060K, capacity 135564K, committed 135772K, reserved 1167360K
  class space    used 16611K, capacity 18265K, committed 18380K, reserved 1048576K
}

